TN:
SF:src\app.ts
FN:44,(anonymous_1)
FN:68,(anonymous_2)
FN:69,(anonymous_3)
FN:82,(anonymous_4)
FN:126,(anonymous_5)
FN:157,(anonymous_6)
FN:215,(anonymous_7)
FN:248,(anonymous_8)
FN:298,(anonymous_9)
FN:318,(anonymous_10)
FN:358,(anonymous_11)
FN:418,(anonymous_12)
FN:443,(anonymous_13)
FN:484,(anonymous_14)
FN:502,(anonymous_15)
FN:523,(anonymous_16)
FN:540,(anonymous_17)
FN:577,(anonymous_18)
FN:589,(anonymous_19)
FNF:19
FNH:0
FNDA:0,(anonymous_1)
FNDA:0,(anonymous_2)
FNDA:0,(anonymous_3)
FNDA:0,(anonymous_4)
FNDA:0,(anonymous_5)
FNDA:0,(anonymous_6)
FNDA:0,(anonymous_7)
FNDA:0,(anonymous_8)
FNDA:0,(anonymous_9)
FNDA:0,(anonymous_10)
FNDA:0,(anonymous_11)
FNDA:0,(anonymous_12)
FNDA:0,(anonymous_13)
FNDA:0,(anonymous_14)
FNDA:0,(anonymous_15)
FNDA:0,(anonymous_16)
FNDA:0,(anonymous_17)
FNDA:0,(anonymous_18)
FNDA:0,(anonymous_19)
DA:1,0
DA:2,0
DA:3,0
DA:4,0
DA:5,0
DA:6,0
DA:7,0
DA:8,0
DA:9,0
DA:10,0
DA:11,0
DA:13,0
DA:15,0
DA:16,0
DA:17,0
DA:20,0
DA:21,0
DA:25,0
DA:26,0
DA:27,0
DA:28,0
DA:31,0
DA:37,0
DA:44,0
DA:45,0
DA:46,0
DA:47,0
DA:48,0
DA:51,0
DA:52,0
DA:56,0
DA:57,0
DA:60,0
DA:61,0
DA:63,0
DA:68,0
DA:69,0
DA:70,0
DA:71,0
DA:73,0
DA:82,0
DA:83,0
DA:84,0
DA:87,0
DA:88,0
DA:89,0
DA:93,0
DA:96,0
DA:112,0
DA:118,0
DA:120,0
DA:121,0
DA:126,0
DA:127,0
DA:128,0
DA:131,0
DA:132,0
DA:133,0
DA:137,0
DA:138,0
DA:139,0
DA:143,0
DA:149,0
DA:151,0
DA:152,0
DA:157,0
DA:158,0
DA:159,0
DA:162,0
DA:173,0
DA:174,0
DA:177,0
DA:197,0
DA:203,0
DA:205,0
DA:206,0
DA:215,0
DA:216,0
DA:217,0
DA:218,0
DA:221,0
DA:222,0
DA:226,0
DA:227,0
DA:228,0
DA:232,0
DA:237,0
DA:238,0
DA:241,0
DA:243,0
DA:244,0
DA:248,0
DA:250,0
DA:256,0
DA:268,0
DA:273,0
DA:277,0
DA:282,0
DA:292,0
DA:293,0
DA:298,0
DA:299,0
DA:300,0
DA:306,0
DA:308,0
DA:309,0
DA:318,0
DA:319,0
DA:320,0
DA:323,0
DA:324,0
DA:327,0
DA:332,0
DA:333,0
DA:336,0
DA:337,0
DA:340,0
DA:348,0
DA:349,0
DA:358,0
DA:359,0
DA:360,0
DA:366,0
DA:367,0
DA:379,0
DA:393,0
DA:394,0
DA:397,0
DA:412,0
DA:413,0
DA:418,0
DA:419,0
DA:420,0
DA:422,0
DA:431,0
DA:433,0
DA:434,0
DA:443,0
DA:444,0
DA:446,0
DA:447,0
DA:448,0
DA:449,0
DA:452,0
DA:461,0
DA:476,0
DA:484,0
DA:496,0
DA:497,0
DA:502,0
DA:503,0
DA:504,0
DA:522,0
DA:524,0
DA:527,0
DA:528,0
DA:529,0
DA:531,0
DA:532,0
DA:540,0
DA:541,0
DA:543,0
DA:551,0
DA:552,0
DA:556,0
DA:557,0
DA:561,0
DA:571,0
DA:572,0
DA:577,0
DA:578,0
DA:579,0
DA:580,0
DA:581,0
DA:583,0
DA:588,0
DA:589,0
DA:590,0
DA:591,0
LF:179
LH:0
BRDA:17,0,0,0
BRDA:17,0,1,0
BRDA:22,1,0,0
BRDA:22,1,1,0
BRDA:47,2,0,0
BRDA:51,3,0,0
BRDA:51,3,1,0
BRDA:56,4,0,0
BRDA:70,5,0,0
BRDA:70,6,0,0
BRDA:70,6,1,0
BRDA:88,7,0,0
BRDA:114,8,0,0
BRDA:114,8,1,0
BRDA:132,9,0,0
BRDA:132,10,0,0
BRDA:132,10,1,0
BRDA:138,11,0,0
BRDA:145,12,0,0
BRDA:145,12,1,0
BRDA:173,13,0,0
BRDA:173,13,1,0
BRDA:199,14,0,0
BRDA:199,14,1,0
BRDA:221,15,0,0
BRDA:227,16,0,0
BRDA:237,17,0,0
BRDA:241,18,0,0
BRDA:261,19,0,0
BRDA:261,19,1,0
BRDA:262,20,0,0
BRDA:262,20,1,0
BRDA:323,21,0,0
BRDA:332,22,0,0
BRDA:336,23,0,0
BRDA:366,24,0,0
BRDA:366,24,1,0
BRDA:393,25,0,0
BRDA:551,26,0,0
BRDA:588,27,0,0
BRDA:588,27,1,0
BRDA:591,28,0,0
BRDA:591,28,1,0
BRF:43
BRH:0
end_of_record
TN:
SF:src\config\constants.ts
FNF:0
FNH:0
DA:1,0
DA:8,0
DA:16,0
DA:24,0
DA:32,0
DA:38,0
DA:46,0
DA:54,0
LF:8
LH:0
BRF:0
BRH:0
end_of_record
TN:
SF:src\config\database.ts
FN:17,(anonymous_0)
FN:27,(anonymous_1)
FNF:2
FNH:0
FNDA:0,(anonymous_0)
FNDA:0,(anonymous_1)
DA:1,0
DA:7,0
DA:11,0
DA:12,0
DA:15,0
DA:17,0
DA:18,0
DA:19,0
DA:20,0
DA:22,0
DA:23,0
DA:27,0
DA:28,0
DA:29,0
DA:30,0
DA:32,0
LF:16
LH:0
BRDA:7,0,0,0
BRDA:7,0,1,0
BRDA:11,1,0,0
BRF:3
BRH:0
end_of_record
TN:
SF:src\config\redis.ts
FN:11,(anonymous_1)
FN:15,(anonymous_2)
FN:21,(anonymous_3)
FN:34,(anonymous_4)
FN:44,(anonymous_5)
FNF:5
FNH:0
FNDA:0,(anonymous_1)
FNDA:0,(anonymous_2)
FNDA:0,(anonymous_3)
FNDA:0,(anonymous_4)
FNDA:0,(anonymous_5)
DA:1,0
DA:3,0
DA:11,0
DA:12,0
DA:15,0
DA:16,0
DA:19,0
DA:21,0
DA:22,0
DA:23,0
DA:24,0
DA:25,0
DA:27,0
DA:30,0
DA:34,0
DA:35,0
DA:36,0
DA:37,0
DA:39,0
DA:40,0
DA:44,0
DA:45,0
DA:46,0
DA:48,0
LF:24
LH:0
BRDA:4,0,0,0
BRDA:4,0,1,0
BRDA:5,1,0,0
BRDA:5,1,1,0
BRDA:24,2,0,0
BRDA:24,2,1,0
BRDA:37,3,0,0
BRDA:37,3,1,0
BRF:8
BRH:0
end_of_record
TN:
SF:src\controllers\admin.controller.ts
FN:12,(anonymous_1)
FN:17,(anonymous_2)
FN:35,(anonymous_3)
FN:90,(anonymous_4)
FN:110,(anonymous_5)
FN:129,(anonymous_6)
FN:150,(anonymous_7)
FN:205,(anonymous_8)
FNF:8
FNH:0
FNDA:0,(anonymous_1)
FNDA:0,(anonymous_2)
FNDA:0,(anonymous_3)
FNDA:0,(anonymous_4)
FNDA:0,(anonymous_5)
FNDA:0,(anonymous_6)
FNDA:0,(anonymous_7)
FNDA:0,(anonymous_8)
DA:2,0
DA:3,0
DA:4,0
DA:5,0
DA:6,0
DA:8,0
DA:13,0
DA:14,0
DA:17,0
DA:18,0
DA:19,0
DA:21,0
DA:27,0
DA:28,0
DA:35,0
DA:36,0
DA:37,0
DA:39,0
DA:61,0
DA:68,0
DA:82,0
DA:83,0
DA:90,0
DA:91,0
DA:92,0
DA:94,0
DA:96,0
DA:102,0
DA:103,0
DA:110,0
DA:111,0
DA:112,0
DA:113,0
DA:115,0
DA:121,0
DA:122,0
DA:129,0
DA:130,0
DA:131,0
DA:132,0
DA:134,0
DA:136,0
DA:142,0
DA:143,0
DA:150,0
DA:151,0
DA:152,0
DA:154,0
DA:177,0
DA:183,0
DA:197,0
DA:198,0
DA:213,0
DA:222,0
LF:54
LH:0
BRDA:37,0,0,0
BRDA:37,1,0,0
BRDA:41,2,0,0
BRDA:41,2,1,0
BRDA:42,3,0,0
BRDA:42,3,1,0
BRDA:63,4,0,0
BRDA:63,4,1,0
BRDA:64,5,0,0
BRDA:64,5,1,0
BRDA:103,6,0,0
BRDA:103,6,1,0
BRDA:105,7,0,0
BRDA:105,7,1,0
BRDA:152,8,0,0
BRDA:152,9,0,0
BRDA:156,10,0,0
BRDA:156,10,1,0
BRDA:179,11,0,0
BRDA:179,11,1,0
BRF:20
BRH:0
end_of_record
TN:
SF:src\controllers\auth.controller.ts
FN:9,(anonymous_0)
FN:13,(anonymous_1)
FN:32,(anonymous_2)
FN:51,(anonymous_3)
FN:70,(anonymous_4)
FN:90,(anonymous_5)
FN:108,(anonymous_6)
FN:126,(anonymous_7)
FNF:8
FNH:0
FNDA:0,(anonymous_0)
FNDA:0,(anonymous_1)
FNDA:0,(anonymous_2)
FNDA:0,(anonymous_3)
FNDA:0,(anonymous_4)
FNDA:0,(anonymous_5)
FNDA:0,(anonymous_6)
FNDA:0,(anonymous_7)
DA:2,0
DA:3,0
DA:4,0
DA:6,0
DA:10,0
DA:13,0
DA:14,0
DA:15,0
DA:16,0
DA:18,0
DA:24,0
DA:25,0
DA:32,0
DA:33,0
DA:34,0
DA:35,0
DA:37,0
DA:43,0
DA:44,0
DA:51,0
DA:52,0
DA:53,0
DA:54,0
DA:56,0
DA:62,0
DA:63,0
DA:70,0
DA:71,0
DA:72,0
DA:73,0
DA:74,0
DA:77,0
DA:82,0
DA:83,0
DA:90,0
DA:91,0
DA:92,0
DA:93,0
DA:95,0
DA:100,0
DA:101,0
DA:108,0
DA:109,0
DA:110,0
DA:111,0
DA:113,0
DA:118,0
DA:119,0
DA:126,0
DA:127,0
DA:128,0
DA:129,0
DA:130,0
DA:132,0
DA:137,0
DA:138,0
LF:56
LH:0
BRDA:25,0,0,0
BRDA:25,0,1,0
BRDA:27,1,0,0
BRDA:27,1,1,0
BRDA:35,2,0,0
BRDA:35,2,1,0
BRDA:35,3,0,0
BRDA:35,3,1,0
BRDA:44,4,0,0
BRDA:44,4,1,0
BRDA:46,5,0,0
BRDA:46,5,1,0
BRDA:63,6,0,0
BRDA:63,6,1,0
BRDA:65,7,0,0
BRDA:65,7,1,0
BRDA:73,8,0,0
BRDA:101,9,0,0
BRDA:101,9,1,0
BRDA:103,10,0,0
BRDA:103,10,1,0
BRDA:119,11,0,0
BRDA:119,11,1,0
BRDA:121,12,0,0
BRDA:121,12,1,0
BRDA:138,13,0,0
BRDA:138,13,1,0
BRDA:140,14,0,0
BRDA:140,14,1,0
BRF:29
BRH:0
end_of_record
TN:
SF:src\controllers\employee.controller.ts
FN:7,(anonymous_1)
FN:82,(anonymous_2)
FN:142,(anonymous_3)
FN:205,(anonymous_4)
FNF:4
FNH:0
FNDA:0,(anonymous_1)
FNDA:0,(anonymous_2)
FNDA:0,(anonymous_3)
FNDA:0,(anonymous_4)
DA:2,0
DA:3,0
DA:4,0
DA:6,0
DA:7,0
DA:8,0
DA:9,0
DA:10,0
DA:12,0
DA:13,0
DA:19,0
DA:34,0
DA:35,0
DA:41,0
DA:42,0
DA:48,0
DA:68,0
DA:74,0
DA:75,0
DA:82,0
DA:83,0
DA:84,0
DA:86,0
DA:113,0
DA:120,0
DA:134,0
DA:135,0
DA:142,0
DA:143,0
DA:144,0
DA:145,0
DA:147,0
DA:175,0
DA:183,0
DA:197,0
DA:198,0
DA:205,0
DA:206,0
DA:207,0
DA:209,0
DA:210,0
DA:216,0
DA:243,0
DA:253,0
DA:254,0
LF:45
LH:0
BRDA:12,0,0,0
BRDA:34,1,0,0
BRDA:41,2,0,0
BRDA:84,3,0,0
BRDA:84,4,0,0
BRDA:89,5,0,0
BRDA:89,5,1,0
BRDA:116,6,0,0
BRDA:116,6,1,0
BRDA:144,7,0,0
BRDA:144,8,0,0
BRDA:150,9,0,0
BRDA:150,9,1,0
BRDA:151,10,0,0
BRDA:151,10,1,0
BRDA:178,11,0,0
BRDA:178,11,1,0
BRDA:179,12,0,0
BRDA:179,12,1,0
BRDA:209,13,0,0
BRF:20
BRH:0
end_of_record
TN:
SF:src\controllers\participation.controller.ts
FN:9,(anonymous_0)
FN:13,(anonymous_1)
FN:48,(anonymous_2)
FN:80,(anonymous_3)
FNF:4
FNH:0
FNDA:0,(anonymous_0)
FNDA:0,(anonymous_1)
FNDA:0,(anonymous_2)
FNDA:0,(anonymous_3)
DA:2,0
DA:3,0
DA:4,0
DA:6,0
DA:10,0
DA:13,0
DA:14,0
DA:15,0
DA:16,0
DA:17,0
DA:18,0
DA:20,0
DA:21,0
DA:27,0
DA:34,0
DA:40,0
DA:41,0
DA:48,0
DA:49,0
DA:50,0
DA:51,0
DA:53,0
DA:54,0
DA:60,0
DA:66,0
DA:72,0
DA:73,0
DA:80,0
DA:81,0
DA:82,0
DA:84,0
DA:85,0
DA:91,0
DA:93,0
DA:99,0
DA:100,0
LF:36
LH:0
BRDA:18,0,0,0
BRDA:18,0,1,0
BRDA:20,1,0,0
BRDA:30,2,0,0
BRDA:30,2,1,0
BRDA:31,3,0,0
BRDA:31,3,1,0
BRDA:41,4,0,0
BRDA:41,4,1,0
BRDA:43,5,0,0
BRDA:43,5,1,0
BRDA:51,6,0,0
BRDA:51,7,0,0
BRDA:53,8,0,0
BRDA:84,9,0,0
BRF:15
BRH:0
end_of_record
TN:
SF:src\middlewares\auth.middleware.ts
FN:28,(anonymous_1)
FN:85,(anonymous_2)
FN:97,(anonymous_3)
FN:105,(anonymous_4)
FN:114,(anonymous_5)
FN:115,(anonymous_6)
FNF:6
FNH:0
FNDA:0,(anonymous_1)
FNDA:0,(anonymous_2)
FNDA:0,(anonymous_3)
FNDA:0,(anonymous_4)
FNDA:0,(anonymous_5)
FNDA:0,(anonymous_6)
DA:2,0
DA:3,0
DA:4,0
DA:5,0
DA:6,0
DA:28,0
DA:29,0
DA:30,0
DA:31,0
DA:33,0
DA:34,0
DA:41,0
DA:42,0
DA:43,0
DA:49,0
DA:52,0
DA:62,0
DA:63,0
DA:69,0
DA:75,0
DA:77,0
DA:78,0
DA:85,0
DA:86,0
DA:87,0
DA:94,0
DA:98,0
DA:99,0
DA:104,0
DA:106,0
DA:107,0
DA:114,0
DA:115,0
DA:116,0
DA:117,0
DA:123,0
DA:124,0
DA:130,0
DA:134,0
DA:135,0
DA:136,0
LF:41
LH:0
BRDA:31,0,0,0
BRDA:31,0,1,0
BRDA:33,1,0,0
BRDA:42,2,0,0
BRDA:62,3,0,0
BRDA:86,4,0,0
BRDA:98,5,0,0
BRDA:116,6,0,0
BRDA:123,7,0,0
BRF:9
BRH:0
end_of_record
TN:
SF:src\middlewares\rateLimiter.middleware.ts
FN:32,(anonymous_1)
FN:66,(anonymous_2)
FN:89,(anonymous_3)
FN:100,(anonymous_4)
FN:110,(anonymous_5)
FN:136,(anonymous_6)
FNF:6
FNH:0
FNDA:0,(anonymous_1)
FNDA:0,(anonymous_2)
FNDA:0,(anonymous_3)
FNDA:0,(anonymous_4)
FNDA:0,(anonymous_5)
FNDA:0,(anonymous_6)
DA:2,0
DA:3,0
DA:4,0
DA:5,0
DA:8,0
DA:20,0
DA:32,0
DA:33,0
DA:34,0
DA:35,0
DA:36,0
DA:42,0
DA:43,0
DA:45,0
DA:47,0
DA:48,0
DA:55,0
DA:56,0
DA:58,0
DA:60,0
DA:61,0
DA:66,0
DA:67,0
DA:68,0
DA:69,0
DA:70,0
DA:72,0
DA:74,0
DA:75,0
DA:81,0
DA:83,0
DA:84,0
DA:89,0
DA:90,0
DA:91,0
DA:92,0
DA:93,0
DA:95,0
DA:100,0
DA:101,0
DA:102,0
DA:103,0
DA:105,0
DA:110,0
DA:111,0
DA:112,0
DA:113,0
DA:115,0
DA:117,0
DA:118,0
DA:125,0
DA:126,0
DA:128,0
DA:130,0
DA:131,0
DA:136,0
DA:137,0
DA:138,0
DA:139,0
DA:141,0
DA:143,0
DA:144,0
DA:151,0
DA:152,0
DA:154,0
DA:156,0
DA:157,0
LF:67
LH:0
BRDA:35,0,0,0
BRDA:47,1,0,0
BRDA:47,2,0,0
BRDA:47,2,1,0
BRDA:55,3,0,0
BRDA:55,3,1,0
BRDA:74,4,0,0
BRDA:74,5,0,0
BRDA:74,5,1,0
BRDA:92,6,0,0
BRDA:92,6,1,0
BRDA:117,7,0,0
BRDA:117,8,0,0
BRDA:117,8,1,0
BRDA:125,9,0,0
BRDA:125,9,1,0
BRDA:143,10,0,0
BRDA:143,11,0,0
BRDA:143,11,1,0
BRDA:151,12,0,0
BRDA:151,12,1,0
BRF:21
BRH:0
end_of_record
TN:
SF:src\middlewares\validation.middleware.ts
FN:5,(anonymous_0)
FNF:1
FNH:0
FNDA:0,(anonymous_0)
DA:2,0
DA:3,0
DA:5,0
DA:6,0
DA:7,0
DA:8,0
DA:14,0
DA:17,0
DA:56,0
DA:67,0
DA:76,0
DA:83,0
DA:91,0
DA:103,0
DA:110,0
DA:122,0
DA:140,0
DA:150,0
LF:18
LH:0
BRDA:7,0,0,0
BRF:1
BRH:0
end_of_record
TN:
SF:src\routes\index.ts
FN:49,(anonymous_9)
FN:125,(anonymous_10)
FN:127,(anonymous_11)
FN:146,(anonymous_12)
FNF:4
FNH:0
FNDA:0,(anonymous_9)
FNDA:0,(anonymous_10)
FNDA:0,(anonymous_11)
FNDA:0,(anonymous_12)
DA:1,0
DA:2,0
DA:3,0
DA:4,0
DA:5,0
DA:8,0
DA:15,0
DA:28,0
DA:37,0
DA:40,0
DA:41,0
DA:42,0
DA:43,0
DA:46,0
DA:49,0
DA:50,0
DA:58,0
DA:61,0
DA:62,0
DA:63,0
DA:64,0
DA:65,0
DA:66,0
DA:69,0
DA:71,0
DA:74,0
DA:77,0
DA:79,0
DA:80,0
DA:81,0
DA:83,0
DA:86,0
DA:89,0
DA:92,0
DA:93,0
DA:94,0
DA:97,0
DA:98,0
DA:101,0
DA:103,0
DA:106,0
DA:109,0
DA:112,0
DA:113,0
DA:114,0
DA:117,0
DA:119,0
DA:125,0
DA:126,0
DA:127,0
DA:128,0
DA:129,0
DA:131,0
DA:137,0
DA:146,0
DA:147,0
DA:153,0
LF:57
LH:0
BRF:0
BRH:0
end_of_record
TN:
SF:src\services\auth.service.ts
FN:32,(anonymous_1)
FN:36,(anonymous_2)
FN:76,(anonymous_3)
FN:127,(anonymous_4)
FN:155,(anonymous_5)
FN:159,(anonymous_6)
FN:196,(anonymous_7)
FN:210,(anonymous_8)
FN:243,(anonymous_9)
FN:255,(anonymous_10)
FN:266,(anonymous_11)
FN:274,(anonymous_12)
FNF:12
FNH:0
FNDA:0,(anonymous_1)
FNDA:0,(anonymous_2)
FNDA:0,(anonymous_3)
FNDA:0,(anonymous_4)
FNDA:0,(anonymous_5)
FNDA:0,(anonymous_6)
FNDA:0,(anonymous_7)
FNDA:0,(anonymous_8)
FNDA:0,(anonymous_9)
FNDA:0,(anonymous_10)
FNDA:0,(anonymous_11)
FNDA:0,(anonymous_12)
DA:1,0
DA:2,0
DA:4,0
DA:5,0
DA:6,0
DA:7,0
DA:8,0
DA:29,0
DA:33,0
DA:37,0
DA:40,0
DA:44,0
DA:45,0
DA:46,0
DA:47,0
DA:51,0
DA:54,0
DA:64,0
DA:67,0
DA:69,0
DA:70,0
DA:77,0
DA:79,0
DA:83,0
DA:84,0
DA:85,0
DA:86,0
DA:87,0
DA:91,0
DA:92,0
DA:93,0
DA:94,0
DA:95,0
DA:96,0
DA:100,0
DA:103,0
DA:104,0
DA:107,0
DA:113,0
DA:114,0
DA:120,0
DA:121,0
DA:123,0
DA:128,0
DA:129,0
DA:131,0
DA:135,0
DA:136,0
DA:137,0
DA:138,0
DA:141,0
DA:142,0
DA:144,0
DA:149,0
DA:150,0
DA:151,0
DA:156,0
DA:160,0
DA:161,0
DA:163,0
DA:167,0
DA:168,0
DA:169,0
DA:170,0
DA:173,0
DA:174,0
DA:175,0
DA:176,0
DA:179,0
DA:185,0
DA:187,0
DA:188,0
DA:189,0
DA:190,0
DA:192,0
DA:197,0
DA:201,0
DA:203,0
DA:206,0
DA:207,0
DA:211,0
DA:212,0
DA:214,0
DA:218,0
DA:219,0
DA:220,0
DA:221,0
DA:224,0
DA:226,0
DA:232,0
DA:234,0
DA:235,0
DA:236,0
DA:237,0
DA:239,0
DA:244,0
DA:256,0
DA:267,0
DA:275,0
LF:99
LH:0
BRDA:44,0,0,0
BRDA:83,1,0,0
BRDA:83,2,0,0
BRDA:83,2,1,0
BRDA:92,3,0,0
BRDA:120,4,0,0
BRDA:135,5,0,0
BRDA:167,6,0,0
BRDA:173,7,0,0
BRDA:187,8,0,0
BRDA:201,9,0,0
BRDA:218,10,0,0
BRDA:234,11,0,0
BRF:13
BRH:0
end_of_record
TN:
SF:src\services\code.service.ts
FN:27,(anonymous_1)
FN:31,(anonymous_2)
FN:84,(anonymous_3)
FN:138,(anonymous_4)
FN:196,(anonymous_5)
FN:240,(anonymous_6)
FN:248,(anonymous_7)
FN:249,(anonymous_8)
FN:250,(anonymous_9)
FN:261,(anonymous_10)
FN:268,(anonymous_11)
FNF:11
FNH:0
FNDA:0,(anonymous_1)
FNDA:0,(anonymous_2)
FNDA:0,(anonymous_3)
FNDA:0,(anonymous_4)
FNDA:0,(anonymous_5)
FNDA:0,(anonymous_6)
FNDA:0,(anonymous_7)
FNDA:0,(anonymous_8)
FNDA:0,(anonymous_9)
FNDA:0,(anonymous_10)
FNDA:0,(anonymous_11)
DA:2,0
DA:3,0
DA:4,0
DA:5,0
DA:6,0
DA:24,0
DA:28,0
DA:33,0
DA:37,0
DA:38,0
DA:39,0
DA:40,0
DA:43,0
DA:44,0
DA:47,0
DA:48,0
DA:51,0
DA:55,0
DA:56,0
DA:61,0
DA:62,0
DA:68,0
DA:72,0
DA:80,0
DA:81,0
DA:91,0
DA:96,0
DA:97,0
DA:98,0
DA:99,0
DA:102,0
DA:103,0
DA:104,0
DA:105,0
DA:109,0
DA:110,0
DA:111,0
DA:112,0
DA:116,0
DA:117,0
DA:118,0
DA:119,0
DA:121,0
DA:131,0
DA:132,0
DA:133,0
DA:134,0
DA:138,0
DA:140,0
DA:146,0
DA:156,0
DA:177,0
DA:181,0
DA:188,0
DA:190,0
DA:209,0
DA:211,0
DA:229,0
DA:241,0
DA:246,0
DA:247,0
DA:248,0
DA:249,0
DA:250,0
DA:252,0
DA:262,0
DA:282,0
DA:283,0
DA:285,0
DA:286,0
DA:288,0
DA:299,0
LF:72
LH:0
BRDA:37,0,0,0
BRDA:55,1,0,0
BRDA:96,2,0,0
BRDA:102,3,0,0
BRDA:109,4,0,0
BRDA:131,5,0,0
BRDA:198,6,0,0
BRDA:199,7,0,0
BRDA:269,8,0,0
BRDA:270,9,0,0
BRDA:285,10,0,0
BRDA:286,11,0,0
BRF:12
BRH:0
end_of_record
TN:
SF:src\services\email.service.ts
FN:8,(anonymous_1)
FN:20,(anonymous_2)
FN:37,(anonymous_3)
FN:56,(anonymous_4)
FN:75,(anonymous_5)
FN:97,(anonymous_6)
FN:119,(anonymous_7)
FN:151,(anonymous_8)
FN:188,(anonymous_9)
FN:225,(anonymous_10)
FN:255,(anonymous_11)
FNF:11
FNH:0
FNDA:0,(anonymous_1)
FNDA:0,(anonymous_2)
FNDA:0,(anonymous_3)
FNDA:0,(anonymous_4)
FNDA:0,(anonymous_5)
FNDA:0,(anonymous_6)
FNDA:0,(anonymous_7)
FNDA:0,(anonymous_8)
FNDA:0,(anonymous_9)
FNDA:0,(anonymous_10)
FNDA:0,(anonymous_11)
DA:1,0
DA:3,0
DA:5,0
DA:9,0
DA:21,0
DA:22,0
DA:29,0
DA:30,0
DA:32,0
DA:33,0
DA:38,0
DA:39,0
DA:41,0
DA:48,0
DA:49,0
DA:51,0
DA:52,0
DA:57,0
DA:58,0
DA:60,0
DA:67,0
DA:68,0
DA:70,0
DA:71,0
DA:81,0
DA:82,0
DA:89,0
DA:90,0
DA:92,0
DA:93,0
DA:103,0
DA:104,0
DA:111,0
DA:112,0
DA:114,0
DA:115,0
DA:120,0
DA:152,0
DA:189,0
DA:226,0
DA:256,0
LF:41
LH:0
BRDA:10,0,0,0
BRDA:10,0,1,0
BRDA:11,1,0,0
BRDA:11,1,1,0
BRDA:23,2,0,0
BRDA:23,2,1,0
BRDA:42,3,0,0
BRDA:42,3,1,0
BRDA:61,4,0,0
BRDA:61,4,1,0
BRDA:83,5,0,0
BRDA:83,5,1,0
BRDA:105,6,0,0
BRDA:105,6,1,0
BRF:14
BRH:0
end_of_record
TN:
SF:src\services\gain.service.ts
FN:21,(anonymous_1)
FN:32,(anonymous_2)
FN:58,(anonymous_3)
FN:64,(anonymous_4)
FN:70,(anonymous_5)
FN:81,(anonymous_6)
FN:107,(anonymous_7)
FNF:7
FNH:0
FNDA:0,(anonymous_1)
FNDA:0,(anonymous_2)
FNDA:0,(anonymous_3)
FNDA:0,(anonymous_4)
FNDA:0,(anonymous_5)
FNDA:0,(anonymous_6)
FNDA:0,(anonymous_7)
DA:2,0
DA:3,0
DA:20,0
DA:22,0
DA:29,0
DA:33,0
DA:37,0
DA:38,0
DA:39,0
DA:40,0
DA:44,0
DA:45,0
DA:46,0
DA:47,0
DA:50,0
DA:55,0
DA:59,0
DA:65,0
DA:71,0
DA:82,0
DA:90,0
DA:91,0
DA:92,0
DA:93,0
DA:96,0
DA:97,0
DA:98,0
DA:99,0
DA:102,0
DA:114,0
DA:118,0
DA:119,0
DA:120,0
DA:121,0
DA:124,0
DA:139,0
LF:36
LH:0
BRDA:37,0,0,0
BRDA:45,1,0,0
BRDA:45,2,0,0
BRDA:45,2,1,0
BRDA:90,3,0,0
BRDA:96,4,0,0
BRDA:96,5,0,0
BRDA:96,5,1,0
BRDA:118,6,0,0
BRF:9
BRH:0
end_of_record
TN:
SF:src\utils\codeGenerator.ts
FN:5,generateCode
FN:21,generateMultipleCodes
FN:36,validateCodeFormat
FN:48,generateUniqueCodeBatch
FNF:4
FNH:0
FNDA:0,generateCode
FNDA:0,generateMultipleCodes
FNDA:0,validateCodeFormat
FNDA:0,generateUniqueCodeBatch
DA:5,0
DA:6,0
DA:7,0
DA:9,0
DA:10,0
DA:13,0
DA:21,0
DA:22,0
DA:24,0
DA:25,0
DA:28,0
DA:36,0
DA:37,0
DA:38,0
DA:48,0
DA:49,0
DA:50,0
DA:52,0
DA:53,0
DA:54,0
DA:55,0
DA:58,0
DA:59,0
DA:62,0
LF:24
LH:0
BRDA:48,0,0,0
BRDA:52,1,0,0
BRDA:52,1,1,0
BRDA:58,2,0,0
BRF:4
BRH:0
end_of_record
TN:
SF:src\utils\logger.ts
FN:30,(anonymous_1)
FN:73,(anonymous_2)
FN:79,(anonymous_3)
FN:87,(anonymous_4)
FN:91,(anonymous_5)
FN:95,(anonymous_6)
FN:100,(anonymous_7)
FN:103,(anonymous_8)
FNF:8
FNH:0
FNDA:0,(anonymous_1)
FNDA:0,(anonymous_2)
FNDA:0,(anonymous_3)
FNDA:0,(anonymous_4)
FNDA:0,(anonymous_5)
FNDA:0,(anonymous_6)
FNDA:0,(anonymous_7)
FNDA:0,(anonymous_8)
DA:1,0
DA:2,0
DA:5,0
DA:14,0
DA:23,0
DA:26,0
DA:30,0
DA:35,0
DA:63,0
DA:72,0
DA:74,0
DA:79,0
DA:80,0
DA:81,0
DA:83,0
DA:87,0
DA:88,0
DA:91,0
DA:92,0
DA:95,0
DA:96,0
DA:100,0
DA:101,0
DA:103,0
DA:104,0
DA:105,0
DA:107,0
DA:108,0
DA:110,0
DA:114,0
LF:30
LH:0
BRDA:64,0,0,0
BRDA:64,0,1,0
BRDA:80,1,0,0
BRDA:80,1,1,0
BRDA:107,2,0,0
BRDA:107,2,1,0
BRF:6
BRH:0
end_of_record
